# JRE version: OpenJDK Runtime Environment (8.0_152-b01) (build 1.8.0_152-release-1248-b01)
# Java VM: OpenJDK 64-Bit Server VM (25.152-b01 mixed mode windows-amd64 compressed oops)
Heap:
 PSYoungGen      total 463360K, used 99142K [0x00000000e0000000, 0x00000000ff900000, 0x0000000100000000)
  eden space 412160K, 20% used [0x00000000e0000000,0x00000000e50a6f28,0x00000000f9280000)
  from space 51200K, 32% used [0x00000000f9280000,0x00000000fa2aac88,0x00000000fc480000)
  to   space 48128K, 0% used [0x00000000fca00000,0x00000000fca00000,0x00000000ff900000)
 ParOldGen       total 331264K, used 126303K [0x00000000a0000000, 0x00000000b4380000, 0x00000000e0000000)
  object space 331264K, 38% used [0x00000000a0000000,0x00000000a7b57cf8,0x00000000b4380000)
 Metaspace       used 173310K, capacity 179786K, committed 180272K, reserved 1208320K
  class space    used 20438K, capacity 21711K, committed 21808K, reserved 1048576K
GC Heap History (10 events):
Event: 14654.849 GC heap before
{Heap before GC invocations=56 (full 5):
 PSYoungGen      total 453120K, used 392359K [0x00000000e0000000, 0x00000000ffb00000, 0x0000000100000000)
  eden space 387584K, 100% used [0x00000000e0000000,0x00000000f7a80000,0x00000000f7a80000)
  from space 65536K, 7% used [0x00000000fb900000,0x00000000fbda9c78,0x00000000ff900000)
  to   space 64000K, 0% used [0x00000000f7a80000,0x00000000f7a80000,0x00000000fb900000)
 ParOldGen       total 331264K, used 118271K [0x00000000a0000000, 0x00000000b4380000, 0x00000000e0000000)
  object space 331264K, 35% used [0x00000000a0000000,0x00000000a737fd88,0x00000000b4380000)
 Metaspace       used 145595K, capacity 151838K, committed 151984K, reserved 1183744K
  class space    used 17388K, capacity 18567K, committed 18608K, reserved 1048576K
Event: 14656.072 GC heap after
Heap after GC invocations=56 (full 5):
 PSYoungGen      total 451584K, used 15753K [0x00000000e0000000, 0x00000000ff780000, 0x0000000100000000)
  eden space 387584K, 0% used [0x00000000e0000000,0x00000000e0000000,0x00000000f7a80000)
  from space 64000K, 24% used [0x00000000f7a80000,0x00000000f89e2458,0x00000000fb900000)
  to   space 60416K, 0% used [0x00000000fbc80000,0x00000000fbc80000,0x00000000ff780000)
 ParOldGen       total 331264K, used 119996K [0x00000000a0000000, 0x00000000b4380000, 0x00000000e0000000)
  object space 331264K, 36% used [0x00000000a0000000,0x00000000a752f198,0x00000000b4380000)
 Metaspace       used 145595K, capacity 151838K, committed 151984K, reserved 1183744K
  class space    used 17388K, capacity 18567K, committed 18608K, reserved 1048576K
}
Event: 14896.172 GC heap before
{Heap before GC invocations=57 (full 5):
 PSYoungGen      total 451584K, used 403337K [0x00000000e0000000, 0x00000000ff780000, 0x0000000100000000)
  eden space 387584K, 100% used [0x00000000e0000000,0x00000000f7a80000,0x00000000f7a80000)
  from space 64000K, 24% used [0x00000000f7a80000,0x00000000f89e2458,0x00000000fb900000)
  to   space 60416K, 0% used [0x00000000fbc80000,0x00000000fbc80000,0x00000000ff780000)
 ParOldGen       total 331264K, used 119996K [0x00000000a0000000, 0x00000000b4380000, 0x00000000e0000000)
  object space 331264K, 36% used [0x00000000a0000000,0x00000000a752f198,0x00000000b4380000)
 Metaspace       used 152484K, capacity 158744K, committed 159152K, reserved 1189888K
  class space    used 18148K, capacity 19350K, committed 19376K, reserved 1048576K
Event: 14899.119 GC heap after
Heap after GC invocations=57 (full 5):
 PSYoungGen      total 456704K, used 17393K [0x00000000e0000000, 0x00000000ff580000, 0x0000000100000000)
  eden space 398336K, 0% used [0x00000000e0000000,0x00000000e0000000,0x00000000f8500000)
  from space 58368K, 29% used [0x00000000fbc80000,0x00000000fcd7c408,0x00000000ff580000)
  to   space 56832K, 0% used [0x00000000f8500000,0x00000000f8500000,0x00000000fbc80000)
 ParOldGen       total 331264K, used 120108K [0x00000000a0000000, 0x00000000b4380000, 0x00000000e0000000)
  object space 331264K, 36% used [0x00000000a0000000,0x00000000a754b198,0x00000000b4380000)
 Metaspace       used 152484K, capacity 158744K, committed 159152K, reserved 1189888K
  class space    used 18148K, capacity 19350K, committed 19376K, reserved 1048576K
}
Event: 15353.930 GC heap before
{Heap before GC invocations=58 (full 5):
 PSYoungGen      total 456704K, used 415729K [0x00000000e0000000, 0x00000000ff580000, 0x0000000100000000)
  eden space 398336K, 100% used [0x00000000e0000000,0x00000000f8500000,0x00000000f8500000)
  from space 58368K, 29% used [0x00000000fbc80000,0x00000000fcd7c408,0x00000000ff580000)
  to   space 56832K, 0% used [0x00000000f8500000,0x00000000f8500000,0x00000000fbc80000)
 ParOldGen       total 331264K, used 120108K [0x00000000a0000000, 0x00000000b4380000, 0x00000000e0000000)
  object space 331264K, 36% used [0x00000000a0000000,0x00000000a754b198,0x00000000b4380000)
 Metaspace       used 159431K, capacity 165786K, committed 166064K, reserved 1196032K
  class space    used 18911K, capacity 20135K, committed 20144K, reserved 1048576K
Event: 15356.005 GC heap after
Heap after GC invocations=58 (full 5):
 PSYoungGen      total 455168K, used 12575K [0x00000000e0000000, 0x00000000ff980000, 0x0000000100000000)
  eden space 398336K, 0% used [0x00000000e0000000,0x00000000e0000000,0x00000000f8500000)
  from space 56832K, 22% used [0x00000000f8500000,0x00000000f9147dc0,0x00000000fbc80000)
  to   space 54272K, 0% used [0x00000000fc480000,0x00000000fc480000,0x00000000ff980000)
 ParOldGen       total 331264K, used 123061K [0x00000000a0000000, 0x00000000b4380000, 0x00000000e0000000)
  object space 331264K, 37% used [0x00000000a0000000,0x00000000a782d748,0x00000000b4380000)
 Metaspace       used 159431K, capacity 165786K, committed 166064K, reserved 1196032K
  class space    used 18911K, capacity 20135K, committed 20144K, reserved 1048576K
}
Event: 15479.966 GC heap before
{Heap before GC invocations=59 (full 5):
 PSYoungGen      total 455168K, used 410899K [0x00000000e0000000, 0x00000000ff980000, 0x0000000100000000)
  eden space 398336K, 99% used [0x00000000e0000000,0x00000000f84fd198,0x00000000f8500000)
  from space 56832K, 22% used [0x00000000f8500000,0x00000000f9147dc0,0x00000000fbc80000)
  to   space 54272K, 0% used [0x00000000fc480000,0x00000000fc480000,0x00000000ff980000)
 ParOldGen       total 331264K, used 123061K [0x00000000a0000000, 0x00000000b4380000, 0x00000000e0000000)
  object space 331264K, 37% used [0x00000000a0000000,0x00000000a782d748,0x00000000b4380000)
 Metaspace       used 166408K, capacity 172772K, committed 173104K, reserved 1202176K
  class space    used 19679K, capacity 20932K, committed 21040K, reserved 1048576K
Event: 15480.225 GC heap after
Heap after GC invocations=59 (full 5):
 PSYoungGen      total 464384K, used 16466K [0x00000000e0000000, 0x00000000ff780000, 0x0000000100000000)
  eden space 412160K, 0% used [0x00000000e0000000,0x00000000e0000000,0x00000000f9280000)
  from space 52224K, 31% used [0x00000000fc480000,0x00000000fd494998,0x00000000ff780000)
  to   space 51200K, 0% used [0x00000000f9280000,0x00000000f9280000,0x00000000fc480000)
 ParOldGen       total 331264K, used 124718K [0x00000000a0000000, 0x00000000b4380000, 0x00000000e0000000)
  object space 331264K, 37% used [0x00000000a0000000,0x00000000a79cba20,0x00000000b4380000)
 Metaspace       used 166408K, capacity 172772K, committed 173104K, reserved 1202176K
  class space    used 19679K, capacity 20932K, committed 21040K, reserved 1048576K
}
Event: 15696.392 GC heap before
{Heap before GC invocations=60 (full 5):
 PSYoungGen      total 464384K, used 428626K [0x00000000e0000000, 0x00000000ff780000, 0x0000000100000000)
  eden space 412160K, 100% used [0x00000000e0000000,0x00000000f9280000,0x00000000f9280000)
  from space 52224K, 31% used [0x00000000fc480000,0x00000000fd494998,0x00000000ff780000)
  to   space 51200K, 0% used [0x00000000f9280000,0x00000000f9280000,0x00000000fc480000)
 ParOldGen       total 331264K, used 124718K [0x00000000a0000000, 0x00000000b4380000, 0x00000000e0000000)
  object space 331264K, 37% used [0x00000000a0000000,0x00000000a79cba20,0x00000000b4380000)
 Metaspace       used 173290K, capacity 179782K, committed 180272K, reserved 1208320K
  class space    used 20437K, capacity 21711K, committed 21808K, reserved 1048576K
Event: 15696.894 GC heap after
Heap after GC invocations=60 (full 5):
 PSYoungGen      total 463360K, used 16555K [0x00000000e0000000, 0x00000000ff900000, 0x0000000100000000)
  eden space 412160K, 0% used [0x00000000e0000000,0x00000000e0000000,0x00000000f9280000)
  from space 51200K, 32% used [0x00000000f9280000,0x00000000fa2aac88,0x00000000fc480000)
  to   space 48128K, 0% used [0x00000000fca00000,0x00000000fca00000,0x00000000ff900000)
 ParOldGen       total 331264K, used 126303K [0x00000000a0000000, 0x00000000b4380000, 0x00000000e0000000)
  object space 331264K, 38% used [0x00000000a0000000,0x00000000a7b57cf8,0x00000000b4380000)
 Metaspace       used 173290K, capacity 179782K, committed 180272K, reserved 1208320K
  class space    used 20437K, capacity 21711K, committed 21808K, reserved 1048576K
}

